[handleMsg]:  {
  key: {
    remoteJid: '573007256871@s.whatsapp.net',
    fromMe: false,
    id: '3EB01634505444E47888',
    participant: undefined
  },
  messageTimestamp: 1675307167,
  pushName: 'Yeison Serna',
  message: Message {
    conversation: 'hola',
    messageContextInfo: MessageContextInfo {
      deviceListMetadata: [DeviceListMetadata],
      deviceListMetadataVersion: 2
    }
  },
  body: 'hola',
  from: '573007256871'
}
[handleMsg]:  {
  key: {
    remoteJid: '573007256871@s.whatsapp.net',
    fromMe: false,
    id: '3EB0795C7993207C0E82',
    participant: undefined
  },
  messageTimestamp: 1675307169,
  pushName: 'Yeison Serna',
  message: Message {
    conversation: '123',
    messageContextInfo: MessageContextInfo {
      deviceListMetadata: [DeviceListMetadata],
      deviceListMetadataVersion: 2
    }
  },
  body: '123',
  from: '573007256871'
}
[handleMsg]:  {
  key: {
    remoteJid: '573007256871@s.whatsapp.net',
    fromMe: false,
    id: '3EB06787E55A37DC9274',
    participant: undefined
  },
  messageTimestamp: 1675307173,
  pushName: 'Yeison Serna',
  message: Message {
    conversation: 'churros',
    messageContextInfo: MessageContextInfo {
      deviceListMetadata: [DeviceListMetadata],
      deviceListMetadataVersion: 2
    }
  },
  body: 'churros',
  from: '573007256871'
}
[handleMsg]:  {
  key: {
    remoteJid: '573007256871@s.whatsapp.net',
    fromMe: false,
    id: '3EB007E33CE4D4F84F8C',
    participant: undefined
  },
  messageTimestamp: 1675307178,
  pushName: 'Yeison Serna',
  message: Message {
    conversation: 'alarmar',
    messageContextInfo: MessageContextInfo {
      deviceListMetadata: [DeviceListMetadata],
      deviceListMetadataVersion: 2
    }
  },
  body: 'alarmar',
  from: '573007256871'
}
[handleMsg]:  {
  key: {
    remoteJid: '573007256871@s.whatsapp.net',
    fromMe: false,
    id: '3EB09398876F9851BAD3',
    participant: undefined
  },
  messageTimestamp: 1675307182,
  pushName: 'Yeison Serna',
  message: Message {
    messageContextInfo: MessageContextInfo {
      deviceListMetadata: [DeviceListMetadata],
      deviceListMetadataVersion: 2
    },
    buttonsResponseMessage: ButtonsResponseMessage {
      selectedButtonId: 'id-btn-1',
      selectedDisplayText: '🚨 Alarma por operación',
      contextInfo: [ContextInfo],
      type: 1
    }
  },
  body: '🚨 Alarma por operación',
  from: '573007256871'
}
[handleMsg]:  {
  key: {
    remoteJid: '573007256871@s.whatsapp.net',
    fromMe: false,
    id: '3EB0389516E50F70C119',
    participant: undefined
  },
  messageTimestamp: 1675307223,
  pushName: 'Yeison Serna',
  message: Message {
    messageContextInfo: MessageContextInfo {
      deviceListMetadata: [DeviceListMetadata],
      deviceListMetadataVersion: 2
    },
    buttonsResponseMessage: ButtonsResponseMessage {
      selectedButtonId: 'id-btn-0',
      selectedDisplayText: '📴  APAGADA EXHIBIDA',
      contextInfo: [ContextInfo],
      type: 1
    }
  },
  body: '📴  APAGADA EXHIBIDA',
  from: '573007256871'
}
[handleMsg]:  {
  key: {
    remoteJid: '573007256871@s.whatsapp.net',
    fromMe: false,
    id: '3EB085A7881860C9D173',
    participant: undefined
  },
  messageTimestamp: 1675307225,
  pushName: 'Yeison Serna',
  message: Message {
    messageContextInfo: MessageContextInfo {
      deviceListMetadata: [DeviceListMetadata],
      deviceListMetadataVersion: 2
    },
    buttonsResponseMessage: ButtonsResponseMessage {
      selectedButtonId: 'id-btn-1',
      selectedDisplayText: '📴  APAGADA ALMACENADA',
      contextInfo: [ContextInfo],
      type: 1
    }
  },
  body: '📴  APAGADA ALMACENADA',
  from: '573007256871'
}
[handleMsg]:  {
  key: {
    remoteJid: '573007256871@s.whatsapp.net',
    fromMe: false,
    id: '3EB005EA4FB602D422B3',
    participant: undefined
  },
  messageTimestamp: 1675307226,
  pushName: 'Yeison Serna',
  message: Message {
    messageContextInfo: MessageContextInfo {
      deviceListMetadata: [DeviceListMetadata],
      deviceListMetadataVersion: 2
    },
    buttonsResponseMessage: ButtonsResponseMessage {
      selectedButtonId: 'id-btn-2',
      selectedDisplayText: '🔧  REPUESTO PENDIENTE',
      contextInfo: [ContextInfo],
      type: 1
    }
  },
  body: '🔧  REPUESTO PENDIENTE',
  from: '573007256871'
}
